行 10:属性 Icon 在 Form1 中的文件引用无效。
行 28:属性 ItemData 在 Combo2 中的文件引用无效。
行 30:属性 List 在 Combo2 中的文件引用无效。
行 49:属性 Picture 在 ListImage1 中的文件引用无效。
行 53:属性 Picture 在 ListImage2 中的文件引用无效。
行 57:属性 Picture 在 ListImage3 中的文件引用无效。
行 61:属性 Picture 在 ListImage4 中的文件引用无效。
行 65:属性 Picture 在 ListImage5 中的文件引用无效。
行 69:属性 Picture 在 ListImage6 中的文件引用无效。
行 73:属性 Picture 在 ListImage7 中的文件引用无效。
行 77:属性 Picture 在 ListImage8 中的文件引用无效。
行 81:属性 Picture 在 ListImage9 中的文件引用无效。
行 85:属性 Picture 在 ListImage10 中的文件引用无效。
行 89:属性 Picture 在 ListImage11 中的文件引用无效。
行 93:属性 Picture 在 ListImage12 中的文件引用无效。
行 97:属性 Picture 在 ListImage13 中的文件引用无效。
行 101:属性 Picture 在 ListImage14 中的文件引用无效。
行 105:属性 Picture 在 ListImage15 中的文件引用无效。
行 109:属性 Picture 在 ListImage16 中的文件引用无效。
行 113:属性 Picture 在 ListImage17 中的文件引用无效。
行 117:属性 Picture 在 ListImage18 中的文件引用无效。
行 121:属性 Picture 在 ListImage19 中的文件引用无效。
行 125:属性 Picture 在 ListImage20 中的文件引用无效。
行 129:属性 Picture 在 ListImage21 中的文件引用无效。
行 133:属性 Picture 在 ListImage22 中的文件引用无效。
行 137:属性 Picture 在 ListImage23 中的文件引用无效。
行 141:属性 Picture 在 ListImage24 中的文件引用无效。
行 145:属性 Picture 在 ListImage25 中的文件引用无效。
行 149:属性 Picture 在 ListImage26 中的文件引用无效。
行 153:属性 Picture 在 ListImage27 中的文件引用无效。
行 157:属性 Picture 在 ListImage28 中的文件引用无效。
行 161:属性 Picture 在 ListImage29 中的文件引用无效。
行 165:属性 Picture 在 ListImage30 中的文件引用无效。
行 169:属性 Picture 在 ListImage31 中的文件引用无效。
行 173:属性 Picture 在 ListImage32 中的文件引用无效。
行 177:属性 Picture 在 ListImage33 中的文件引用无效。
行 181:属性 Picture 在 ListImage34 中的文件引用无效。
行 185:属性 Picture 在 ListImage35 中的文件引用无效。
行 189:属性 Picture 在 ListImage36 中的文件引用无效。
行 193:属性 Picture 在 ListImage37 中的文件引用无效。
行 197:属性 Picture 在 ListImage38 中的文件引用无效。
行 201:属性 Picture 在 ListImage39 中的文件引用无效。
行 205:属性 Picture 在 ListImage40 中的文件引用无效。
行 209:属性 Picture 在 ListImage41 中的文件引用无效。
行 213:属性 Picture 在 ListImage42 中的文件引用无效。
行 217:属性 Picture 在 ListImage43 中的文件引用无效。
行 221:属性 Picture 在 ListImage44 中的文件引用无效。
行 225:属性 Picture 在 ListImage45 中的文件引用无效。
行 229:属性 Picture 在 ListImage46 中的文件引用无效。
行 233:属性 Picture 在 ListImage47 中的文件引用无效。
行 237:属性 Picture 在 ListImage48 中的文件引用无效。
行 241:属性 Picture 在 ListImage49 中的文件引用无效。
行 245:属性 Picture 在 ListImage50 中的文件引用无效。
行 249:属性 Picture 在 ListImage51 中的文件引用无效。
行 253:属性 Picture 在 ListImage52 中的文件引用无效。
行 257:属性 Picture 在 ListImage53 中的文件引用无效。
行 261:属性 Picture 在 ListImage54 中的文件引用无效。
行 265:属性 Picture 在 ListImage55 中的文件引用无效。
行 269:属性 Picture 在 ListImage56 中的文件引用无效。
行 273:属性 Picture 在 ListImage57 中的文件引用无效。
行 277:属性 Picture 在 ListImage58 中的文件引用无效。
行 281:属性 Picture 在 ListImage59 中的文件引用无效。
行 285:属性 Picture 在 ListImage60 中的文件引用无效。
行 289:属性 Picture 在 ListImage61 中的文件引用无效。
行 293:属性 Picture 在 ListImage62 中的文件引用无效。
行 297:属性 Picture 在 ListImage63 中的文件引用无效。
行 301:属性 Picture 在 ListImage64 中的文件引用无效。
行 305:属性 Picture 在 ListImage65 中的文件引用无效。
行 309:属性 Picture 在 ListImage66 中的文件引用无效。
行 313:属性 Picture 在 ListImage67 中的文件引用无效。
行 317:属性 Picture 在 ListImage68 中的文件引用无效。
行 321:属性 Picture 在 ListImage69 中的文件引用无效。
行 325:属性 Picture 在 ListImage70 中的文件引用无效。
行 329:属性 Picture 在 ListImage71 中的文件引用无效。
行 333:属性 Picture 在 ListImage72 中的文件引用无效。
行 337:属性 Picture 在 ListImage73 中的文件引用无效。
行 341:属性 Picture 在 ListImage74 中的文件引用无效。
行 345:属性 Picture 在 ListImage75 中的文件引用无效。
行 349:属性 Picture 在 ListImage76 中的文件引用无效。
行 353:属性 Picture 在 ListImage77 中的文件引用无效。
行 357:属性 Picture 在 ListImage78 中的文件引用无效。
行 361:属性 Picture 在 ListImage79 中的文件引用无效。
行 365:属性 Picture 在 ListImage80 中的文件引用无效。
行 369:属性 Picture 在 ListImage81 中的文件引用无效。
行 373:属性 Picture 在 ListImage82 中的文件引用无效。
行 377:属性 Picture 在 ListImage83 中的文件引用无效。
行 381:属性 Picture 在 ListImage84 中的文件引用无效。
行 385:属性 Picture 在 ListImage85 中的文件引用无效。
行 389:属性 Picture 在 ListImage86 中的文件引用无效。
行 393:属性 Picture 在 ListImage87 中的文件引用无效。
行 397:属性 Picture 在 ListImage88 中的文件引用无效。
行 401:属性 Picture 在 ListImage89 中的文件引用无效。
行 405:属性 Picture 在 ListImage90 中的文件引用无效。
行 409:属性 Picture 在 ListImage91 中的文件引用无效。
行 413:属性 Picture 在 ListImage92 中的文件引用无效。
行 417:属性 Picture 在 ListImage93 中的文件引用无效。
行 421:属性 Picture 在 ListImage94 中的文件引用无效。
行 425:属性 Picture 在 ListImage95 中的文件引用无效。
行 429:属性 Picture 在 ListImage96 中的文件引用无效。
行 433:属性 Picture 在 ListImage97 中的文件引用无效。
行 437:属性 Picture 在 ListImage98 中的文件引用无效。
行 441:属性 Picture 在 ListImage99 中的文件引用无效。
行 459:属性 Picture 在 ListImage1 中的文件引用无效。
行 463:属性 Picture 在 ListImage2 中的文件引用无效。
行 467:属性 Picture 在 ListImage3 中的文件引用无效。
行 471:属性 Picture 在 ListImage4 中的文件引用无效。
行 475:属性 Picture 在 ListImage5 中的文件引用无效。
行 479:属性 Picture 在 ListImage6 中的文件引用无效。
行 483:属性 Picture 在 ListImage7 中的文件引用无效。
行 487:属性 Picture 在 ListImage8 中的文件引用无效。
行 491:属性 Picture 在 ListImage9 中的文件引用无效。
行 495:属性 Picture 在 ListImage10 中的文件引用无效。
行 499:属性 Picture 在 ListImage11 中的文件引用无效。
行 503:属性 Picture 在 ListImage12 中的文件引用无效。
行 507:属性 Picture 在 ListImage13 中的文件引用无效。
行 511:属性 Picture 在 ListImage14 中的文件引用无效。
行 515:属性 Picture 在 ListImage15 中的文件引用无效。
行 519:属性 Picture 在 ListImage16 中的文件引用无效。
行 523:属性 Picture 在 ListImage17 中的文件引用无效。
行 527:属性 Picture 在 ListImage18 中的文件引用无效。
行 531:属性 Picture 在 ListImage19 中的文件引用无效。
行 535:属性 Picture 在 ListImage20 中的文件引用无效。
行 539:属性 Picture 在 ListImage21 中的文件引用无效。
行 543:属性 Picture 在 ListImage22 中的文件引用无效。
行 547:属性 Picture 在 ListImage23 中的文件引用无效。
行 551:属性 Picture 在 ListImage24 中的文件引用无效。
行 555:属性 Picture 在 ListImage25 中的文件引用无效。
行 559:属性 Picture 在 ListImage26 中的文件引用无效。
行 563:属性 Picture 在 ListImage27 中的文件引用无效。
行 567:属性 Picture 在 ListImage28 中的文件引用无效。
行 571:属性 Picture 在 ListImage29 中的文件引用无效。
行 575:属性 Picture 在 ListImage30 中的文件引用无效。
行 579:属性 Picture 在 ListImage31 中的文件引用无效。
行 583:属性 Picture 在 ListImage32 中的文件引用无效。
行 587:属性 Picture 在 ListImage33 中的文件引用无效。
行 591:属性 Picture 在 ListImage34 中的文件引用无效。
行 595:属性 Picture 在 ListImage35 中的文件引用无效。
行 599:属性 Picture 在 ListImage36 中的文件引用无效。
行 603:属性 Picture 在 ListImage37 中的文件引用无效。
行 607:属性 Picture 在 ListImage38 中的文件引用无效。
行 611:属性 Picture 在 ListImage39 中的文件引用无效。
行 615:属性 Picture 在 ListImage40 中的文件引用无效。
行 619:属性 Picture 在 ListImage41 中的文件引用无效。
行 623:属性 Picture 在 ListImage42 中的文件引用无效。
行 627:属性 Picture 在 ListImage43 中的文件引用无效。
行 631:属性 Picture 在 ListImage44 中的文件引用无效。
行 635:属性 Picture 在 ListImage45 中的文件引用无效。
行 639:属性 Picture 在 ListImage46 中的文件引用无效。
行 643:属性 Picture 在 ListImage47 中的文件引用无效。
行 647:属性 Picture 在 ListImage48 中的文件引用无效。
行 651:属性 Picture 在 ListImage49 中的文件引用无效。
行 655:属性 Picture 在 ListImage50 中的文件引用无效。
行 659:属性 Picture 在 ListImage51 中的文件引用无效。
行 663:属性 Picture 在 ListImage52 中的文件引用无效。
行 667:属性 Picture 在 ListImage53 中的文件引用无效。
行 671:属性 Picture 在 ListImage54 中的文件引用无效。
行 675:属性 Picture 在 ListImage55 中的文件引用无效。
行 679:属性 Picture 在 ListImage56 中的文件引用无效。
行 683:属性 Picture 在 ListImage57 中的文件引用无效。
行 687:属性 Picture 在 ListImage58 中的文件引用无效。
行 691:属性 Picture 在 ListImage59 中的文件引用无效。
行 695:属性 Picture 在 ListImage60 中的文件引用无效。
行 699:属性 Picture 在 ListImage61 中的文件引用无效。
行 703:属性 Picture 在 ListImage62 中的文件引用无效。
行 707:属性 Picture 在 ListImage63 中的文件引用无效。
行 711:属性 Picture 在 ListImage64 中的文件引用无效。
行 715:属性 Picture 在 ListImage65 中的文件引用无效。
行 719:属性 Picture 在 ListImage66 中的文件引用无效。
行 723:属性 Picture 在 ListImage67 中的文件引用无效。
行 727:属性 Picture 在 ListImage68 中的文件引用无效。
行 731:属性 Picture 在 ListImage69 中的文件引用无效。
行 735:属性 Picture 在 ListImage70 中的文件引用无效。
行 739:属性 Picture 在 ListImage71 中的文件引用无效。
行 743:属性 Picture 在 ListImage72 中的文件引用无效。
行 747:属性 Picture 在 ListImage73 中的文件引用无效。
行 751:属性 Picture 在 ListImage74 中的文件引用无效。
行 755:属性 Picture 在 ListImage75 中的文件引用无效。
行 759:属性 Picture 在 ListImage76 中的文件引用无效。
行 763:属性 Picture 在 ListImage77 中的文件引用无效。
行 767:属性 Picture 在 ListImage78 中的文件引用无效。
行 771:属性 Picture 在 ListImage79 中的文件引用无效。
行 775:属性 Picture 在 ListImage80 中的文件引用无效。
行 779:属性 Picture 在 ListImage81 中的文件引用无效。
行 783:属性 Picture 在 ListImage82 中的文件引用无效。
行 787:属性 Picture 在 ListImage83 中的文件引用无效。
行 791:属性 Picture 在 ListImage84 中的文件引用无效。
行 795:属性 Picture 在 ListImage85 中的文件引用无效。
行 799:属性 Picture 在 ListImage86 中的文件引用无效。
行 803:属性 Picture 在 ListImage87 中的文件引用无效。
行 807:属性 Picture 在 ListImage88 中的文件引用无效。
行 811:属性 Picture 在 ListImage89 中的文件引用无效。
行 815:属性 Picture 在 ListImage90 中的文件引用无效。
行 819:属性 Picture 在 ListImage91 中的文件引用无效。
行 823:属性 Picture 在 ListImage92 中的文件引用无效。
行 827:属性 Picture 在 ListImage93 中的文件引用无效。
行 831:属性 Picture 在 ListImage94 中的文件引用无效。
行 835:属性 Picture 在 ListImage95 中的文件引用无效。
行 839:属性 Picture 在 ListImage96 中的文件引用无效。
行 843:属性 Picture 在 ListImage97 中的文件引用无效。
行 847:属性 Picture 在 ListImage98 中的文件引用无效。
行 851:属性 Picture 在 ListImage99 中的文件引用无效。
行 903:属性 Text 在 txtMain 中的文件引用无效。
行 972:属性 Picture 在 Image2 中的文件引用无效。
行 988:属性 Picture 在 Image1 中的文件引用无效。
行 10:属性 Icon 在 Form1 中的文件引用无效。
行 28:属性 ItemData 在 Combo2 中的文件引用无效。
行 30:属性 List 在 Combo2 中的文件引用无效。
行 49:属性 Picture 在 ListImage1 中的文件引用无效。
行 53:属性 Picture 在 ListImage2 中的文件引用无效。
行 57:属性 Picture 在 ListImage3 中的文件引用无效。
行 61:属性 Picture 在 ListImage4 中的文件引用无效。
行 65:属性 Picture 在 ListImage5 中的文件引用无效。
行 69:属性 Picture 在 ListImage6 中的文件引用无效。
行 73:属性 Picture 在 ListImage7 中的文件引用无效。
行 77:属性 Picture 在 ListImage8 中的文件引用无效。
行 81:属性 Picture 在 ListImage9 中的文件引用无效。
行 85:属性 Picture 在 ListImage10 中的文件引用无效。
行 89:属性 Picture 在 ListImage11 中的文件引用无效。
行 93:属性 Picture 在 ListImage12 中的文件引用无效。
行 97:属性 Picture 在 ListImage13 中的文件引用无效。
行 101:属性 Picture 在 ListImage14 中的文件引用无效。
行 105:属性 Picture 在 ListImage15 中的文件引用无效。
行 109:属性 Picture 在 ListImage16 中的文件引用无效。
行 113:属性 Picture 在 ListImage17 中的文件引用无效。
行 117:属性 Picture 在 ListImage18 中的文件引用无效。
行 121:属性 Picture 在 ListImage19 中的文件引用无效。
行 125:属性 Picture 在 ListImage20 中的文件引用无效。
行 129:属性 Picture 在 ListImage21 中的文件引用无效。
行 133:属性 Picture 在 ListImage22 中的文件引用无效。
行 137:属性 Picture 在 ListImage23 中的文件引用无效。
行 141:属性 Picture 在 ListImage24 中的文件引用无效。
行 145:属性 Picture 在 ListImage25 中的文件引用无效。
行 149:属性 Picture 在 ListImage26 中的文件引用无效。
行 153:属性 Picture 在 ListImage27 中的文件引用无效。
行 157:属性 Picture 在 ListImage28 中的文件引用无效。
行 161:属性 Picture 在 ListImage29 中的文件引用无效。
行 165:属性 Picture 在 ListImage30 中的文件引用无效。
行 169:属性 Picture 在 ListImage31 中的文件引用无效。
行 173:属性 Picture 在 ListImage32 中的文件引用无效。
行 177:属性 Picture 在 ListImage33 中的文件引用无效。
行 181:属性 Picture 在 ListImage34 中的文件引用无效。
行 185:属性 Picture 在 ListImage35 中的文件引用无效。
行 189:属性 Picture 在 ListImage36 中的文件引用无效。
行 193:属性 Picture 在 ListImage37 中的文件引用无效。
行 197:属性 Picture 在 ListImage38 中的文件引用无效。
行 201:属性 Picture 在 ListImage39 中的文件引用无效。
行 205:属性 Picture 在 ListImage40 中的文件引用无效。
行 209:属性 Picture 在 ListImage41 中的文件引用无效。
行 213:属性 Picture 在 ListImage42 中的文件引用无效。
行 217:属性 Picture 在 ListImage43 中的文件引用无效。
行 221:属性 Picture 在 ListImage44 中的文件引用无效。
行 225:属性 Picture 在 ListImage45 中的文件引用无效。
行 229:属性 Picture 在 ListImage46 中的文件引用无效。
行 233:属性 Picture 在 ListImage47 中的文件引用无效。
行 237:属性 Picture 在 ListImage48 中的文件引用无效。
行 241:属性 Picture 在 ListImage49 中的文件引用无效。
行 245:属性 Picture 在 ListImage50 中的文件引用无效。
行 249:属性 Picture 在 ListImage51 中的文件引用无效。
行 253:属性 Picture 在 ListImage52 中的文件引用无效。
行 257:属性 Picture 在 ListImage53 中的文件引用无效。
行 261:属性 Picture 在 ListImage54 中的文件引用无效。
行 265:属性 Picture 在 ListImage55 中的文件引用无效。
行 269:属性 Picture 在 ListImage56 中的文件引用无效。
行 273:属性 Picture 在 ListImage57 中的文件引用无效。
行 277:属性 Picture 在 ListImage58 中的文件引用无效。
行 281:属性 Picture 在 ListImage59 中的文件引用无效。
行 285:属性 Picture 在 ListImage60 中的文件引用无效。
行 289:属性 Picture 在 ListImage61 中的文件引用无效。
行 293:属性 Picture 在 ListImage62 中的文件引用无效。
行 297:属性 Picture 在 ListImage63 中的文件引用无效。
行 301:属性 Picture 在 ListImage64 中的文件引用无效。
行 305:属性 Picture 在 ListImage65 中的文件引用无效。
行 309:属性 Picture 在 ListImage66 中的文件引用无效。
行 313:属性 Picture 在 ListImage67 中的文件引用无效。
行 317:属性 Picture 在 ListImage68 中的文件引用无效。
行 321:属性 Picture 在 ListImage69 中的文件引用无效。
行 325:属性 Picture 在 ListImage70 中的文件引用无效。
行 329:属性 Picture 在 ListImage71 中的文件引用无效。
行 333:属性 Picture 在 ListImage72 中的文件引用无效。
行 337:属性 Picture 在 ListImage73 中的文件引用无效。
行 341:属性 Picture 在 ListImage74 中的文件引用无效。
行 345:属性 Picture 在 ListImage75 中的文件引用无效。
行 349:属性 Picture 在 ListImage76 中的文件引用无效。
行 353:属性 Picture 在 ListImage77 中的文件引用无效。
行 357:属性 Picture 在 ListImage78 中的文件引用无效。
行 361:属性 Picture 在 ListImage79 中的文件引用无效。
行 365:属性 Picture 在 ListImage80 中的文件引用无效。
行 369:属性 Picture 在 ListImage81 中的文件引用无效。
行 373:属性 Picture 在 ListImage82 中的文件引用无效。
行 377:属性 Picture 在 ListImage83 中的文件引用无效。
行 381:属性 Picture 在 ListImage84 中的文件引用无效。
行 385:属性 Picture 在 ListImage85 中的文件引用无效。
行 389:属性 Picture 在 ListImage86 中的文件引用无效。
行 393:属性 Picture 在 ListImage87 中的文件引用无效。
行 397:属性 Picture 在 ListImage88 中的文件引用无效。
行 401:属性 Picture 在 ListImage89 中的文件引用无效。
行 405:属性 Picture 在 ListImage90 中的文件引用无效。
行 409:属性 Picture 在 ListImage91 中的文件引用无效。
行 413:属性 Picture 在 ListImage92 中的文件引用无效。
行 417:属性 Picture 在 ListImage93 中的文件引用无效。
行 421:属性 Picture 在 ListImage94 中的文件引用无效。
行 425:属性 Picture 在 ListImage95 中的文件引用无效。
行 429:属性 Picture 在 ListImage96 中的文件引用无效。
行 433:属性 Picture 在 ListImage97 中的文件引用无效。
行 437:属性 Picture 在 ListImage98 中的文件引用无效。
行 441:属性 Picture 在 ListImage99 中的文件引用无效。
行 459:属性 Picture 在 ListImage1 中的文件引用无效。
行 463:属性 Picture 在 ListImage2 中的文件引用无效。
行 467:属性 Picture 在 ListImage3 中的文件引用无效。
行 471:属性 Picture 在 ListImage4 中的文件引用无效。
行 475:属性 Picture 在 ListImage5 中的文件引用无效。
行 479:属性 Picture 在 ListImage6 中的文件引用无效。
行 483:属性 Picture 在 ListImage7 中的文件引用无效。
行 487:属性 Picture 在 ListImage8 中的文件引用无效。
行 491:属性 Picture 在 ListImage9 中的文件引用无效。
行 495:属性 Picture 在 ListImage10 中的文件引用无效。
行 499:属性 Picture 在 ListImage11 中的文件引用无效。
行 503:属性 Picture 在 ListImage12 中的文件引用无效。
行 507:属性 Picture 在 ListImage13 中的文件引用无效。
行 511:属性 Picture 在 ListImage14 中的文件引用无效。
行 515:属性 Picture 在 ListImage15 中的文件引用无效。
行 519:属性 Picture 在 ListImage16 中的文件引用无效。
行 523:属性 Picture 在 ListImage17 中的文件引用无效。
行 527:属性 Picture 在 ListImage18 中的文件引用无效。
行 531:属性 Picture 在 ListImage19 中的文件引用无效。
行 535:属性 Picture 在 ListImage20 中的文件引用无效。
行 539:属性 Picture 在 ListImage21 中的文件引用无效。
行 543:属性 Picture 在 ListImage22 中的文件引用无效。
行 547:属性 Picture 在 ListImage23 中的文件引用无效。
行 551:属性 Picture 在 ListImage24 中的文件引用无效。
行 555:属性 Picture 在 ListImage25 中的文件引用无效。
行 559:属性 Picture 在 ListImage26 中的文件引用无效。
行 563:属性 Picture 在 ListImage27 中的文件引用无效。
行 567:属性 Picture 在 ListImage28 中的文件引用无效。
行 571:属性 Picture 在 ListImage29 中的文件引用无效。
行 575:属性 Picture 在 ListImage30 中的文件引用无效。
行 579:属性 Picture 在 ListImage31 中的文件引用无效。
行 583:属性 Picture 在 ListImage32 中的文件引用无效。
行 587:属性 Picture 在 ListImage33 中的文件引用无效。
行 591:属性 Picture 在 ListImage34 中的文件引用无效。
行 595:属性 Picture 在 ListImage35 中的文件引用无效。
行 599:属性 Picture 在 ListImage36 中的文件引用无效。
行 603:属性 Picture 在 ListImage37 中的文件引用无效。
行 607:属性 Picture 在 ListImage38 中的文件引用无效。
行 611:属性 Picture 在 ListImage39 中的文件引用无效。
行 615:属性 Picture 在 ListImage40 中的文件引用无效。
行 619:属性 Picture 在 ListImage41 中的文件引用无效。
行 623:属性 Picture 在 ListImage42 中的文件引用无效。
行 627:属性 Picture 在 ListImage43 中的文件引用无效。
行 631:属性 Picture 在 ListImage44 中的文件引用无效。
行 635:属性 Picture 在 ListImage45 中的文件引用无效。
行 639:属性 Picture 在 ListImage46 中的文件引用无效。
行 643:属性 Picture 在 ListImage47 中的文件引用无效。
行 647:属性 Picture 在 ListImage48 中的文件引用无效。
行 651:属性 Picture 在 ListImage49 中的文件引用无效。
行 655:属性 Picture 在 ListImage50 中的文件引用无效。
行 659:属性 Picture 在 ListImage51 中的文件引用无效。
行 663:属性 Picture 在 ListImage52 中的文件引用无效。
行 667:属性 Picture 在 ListImage53 中的文件引用无效。
行 671:属性 Picture 在 ListImage54 中的文件引用无效。
行 675:属性 Picture 在 ListImage55 中的文件引用无效。
行 679:属性 Picture 在 ListImage56 中的文件引用无效。
行 683:属性 Picture 在 ListImage57 中的文件引用无效。
行 687:属性 Picture 在 ListImage58 中的文件引用无效。
行 691:属性 Picture 在 ListImage59 中的文件引用无效。
行 695:属性 Picture 在 ListImage60 中的文件引用无效。
行 699:属性 Picture 在 ListImage61 中的文件引用无效。
行 703:属性 Picture 在 ListImage62 中的文件引用无效。
行 707:属性 Picture 在 ListImage63 中的文件引用无效。
行 711:属性 Picture 在 ListImage64 中的文件引用无效。
行 715:属性 Picture 在 ListImage65 中的文件引用无效。
行 719:属性 Picture 在 ListImage66 中的文件引用无效。
行 723:属性 Picture 在 ListImage67 中的文件引用无效。
行 727:属性 Picture 在 ListImage68 中的文件引用无效。
行 731:属性 Picture 在 ListImage69 中的文件引用无效。
行 735:属性 Picture 在 ListImage70 中的文件引用无效。
行 739:属性 Picture 在 ListImage71 中的文件引用无效。
行 743:属性 Picture 在 ListImage72 中的文件引用无效。
行 747:属性 Picture 在 ListImage73 中的文件引用无效。
行 751:属性 Picture 在 ListImage74 中的文件引用无效。
行 755:属性 Picture 在 ListImage75 中的文件引用无效。
行 759:属性 Picture 在 ListImage76 中的文件引用无效。
行 763:属性 Picture 在 ListImage77 中的文件引用无效。
行 767:属性 Picture 在 ListImage78 中的文件引用无效。
行 771:属性 Picture 在 ListImage79 中的文件引用无效。
行 775:属性 Picture 在 ListImage80 中的文件引用无效。
行 779:属性 Picture 在 ListImage81 中的文件引用无效。
行 783:属性 Picture 在 ListImage82 中的文件引用无效。
行 787:属性 Picture 在 ListImage83 中的文件引用无效。
行 791:属性 Picture 在 ListImage84 中的文件引用无效。
行 795:属性 Picture 在 ListImage85 中的文件引用无效。
行 799:属性 Picture 在 ListImage86 中的文件引用无效。
行 803:属性 Picture 在 ListImage87 中的文件引用无效。
行 807:属性 Picture 在 ListImage88 中的文件引用无效。
行 811:属性 Picture 在 ListImage89 中的文件引用无效。
行 815:属性 Picture 在 ListImage90 中的文件引用无效。
行 819:属性 Picture 在 ListImage91 中的文件引用无效。
行 823:属性 Picture 在 ListImage92 中的文件引用无效。
行 827:属性 Picture 在 ListImage93 中的文件引用无效。
行 831:属性 Picture 在 ListImage94 中的文件引用无效。
行 835:属性 Picture 在 ListImage95 中的文件引用无效。
行 839:属性 Picture 在 ListImage96 中的文件引用无效。
行 843:属性 Picture 在 ListImage97 中的文件引用无效。
行 847:属性 Picture 在 ListImage98 中的文件引用无效。
行 851:属性 Picture 在 ListImage99 中的文件引用无效。
行 903:属性 Text 在 txtMain 中的文件引用无效。
行 972:属性 Picture 在 Image2 中的文件引用无效。
行 988:属性 Picture 在 Image1 中的文件引用无效。
